<?xml version="1.0" encoding="UTF-8"?>
<coverage generated="1679187927518" clover="3.2.0">
  <project timestamp="1679187927519" name="All files">
    <metrics statements="75" coveredstatements="42" conditionals="72" coveredconditionals="28" methods="34" coveredmethods="11" elements="181" coveredelements="81" complexity="0" loc="75" ncloc="75" packages="5" files="16" classes="16"/>
    <package name="src">
      <metrics statements="6" coveredstatements="2" conditionals="0" coveredconditionals="0" methods="1" coveredmethods="0"/>
      <file name="App.jsx" path="C:\Users\barto\source\repos\frontend\event-finder-web-client\src\App.jsx">
        <metrics statements="2" coveredstatements="0" conditionals="0" coveredconditionals="0" methods="1" coveredmethods="0"/>
        <line num="10" count="0" type="stmt"/>
        <line num="12" count="0" type="stmt"/>
      </file>
      <file name="main.jsx" path="C:\Users\barto\source\repos\frontend\event-finder-web-client\src\main.jsx">
        <metrics statements="2" coveredstatements="0" conditionals="0" coveredconditionals="0" methods="0" coveredmethods="0"/>
        <line num="10" count="0" type="stmt"/>
        <line num="25" count="0" type="stmt"/>
      </file>
      <file name="style.js" path="C:\Users\barto\source\repos\frontend\event-finder-web-client\src\style.js">
        <metrics statements="2" coveredstatements="2" conditionals="0" coveredconditionals="0" methods="0" coveredmethods="0"/>
        <line num="1" count="5" type="stmt"/>
        <line num="18" count="5" type="stmt"/>
      </file>
    </package>
    <package name="src.assets">
      <metrics statements="0" coveredstatements="0" conditionals="0" coveredconditionals="0" methods="0" coveredmethods="0"/>
      <file name="index.js" path="C:\Users\barto\source\repos\frontend\event-finder-web-client\src\assets\index.js">
        <metrics statements="0" coveredstatements="0" conditionals="0" coveredconditionals="0" methods="0" coveredmethods="0"/>
      </file>
    </package>
    <package name="src.components">
      <metrics statements="54" coveredstatements="29" conditionals="72" coveredconditionals="28" methods="31" coveredmethods="11"/>
      <file name="CreateEvent.jsx" path="C:\Users\barto\source\repos\frontend\event-finder-web-client\src\components\CreateEvent.jsx">
        <metrics statements="6" coveredstatements="3" conditionals="26" coveredconditionals="12" methods="4" coveredmethods="1"/>
        <line num="9" count="1" type="stmt"/>
        <line num="11" count="1" type="stmt"/>
        <line num="13" count="1" type="stmt"/>
        <line num="16" count="0" type="cond" truecount="0" falsecount="2"/>
        <line num="19" count="0" type="stmt"/>
        <line num="25" count="0" type="stmt"/>
      </file>
      <file name="DeleteAccount.jsx" path="C:\Users\barto\source\repos\frontend\event-finder-web-client\src\components\DeleteAccount.jsx">
        <metrics statements="6" coveredstatements="3" conditionals="6" coveredconditionals="2" methods="4" coveredmethods="1"/>
        <line num="8" count="1" type="stmt"/>
        <line num="10" count="1" type="stmt"/>
        <line num="12" count="1" type="stmt"/>
        <line num="16" count="0" type="cond" truecount="0" falsecount="2"/>
        <line num="23" count="0" type="stmt"/>
        <line num="25" count="0" type="stmt"/>
      </file>
      <file name="Events.jsx" path="C:\Users\barto\source\repos\frontend\event-finder-web-client\src\components\Events.jsx">
        <metrics statements="20" coveredstatements="16" conditionals="24" coveredconditionals="14" methods="8" coveredmethods="5"/>
        <line num="16" count="7" type="stmt"/>
        <line num="17" count="7" type="stmt"/>
        <line num="18" count="7" type="stmt"/>
        <line num="19" count="7" type="stmt"/>
        <line num="20" count="7" type="stmt"/>
        <line num="21" count="7" type="stmt"/>
        <line num="22" count="7" type="stmt"/>
        <line num="23" count="7" type="stmt"/>
        <line num="28" count="7" type="stmt"/>
        <line num="31" count="0" type="cond" truecount="0" falsecount="2"/>
        <line num="32" count="0" type="stmt"/>
        <line num="71" count="13" type="stmt"/>
        <line num="83" count="1" type="stmt"/>
        <line num="86" count="1" type="stmt"/>
        <line num="97" count="1" type="stmt"/>
        <line num="98" count="1" type="stmt"/>
        <line num="100" count="1" type="stmt"/>
        <line num="104" count="0" type="cond" truecount="0" falsecount="2"/>
        <line num="107" count="0" type="stmt"/>
        <line num="120" count="7" type="stmt"/>
      </file>
      <file name="Footer.jsx" path="C:\Users\barto\source\repos\frontend\event-finder-web-client\src\components\Footer.jsx">
        <metrics statements="6" coveredstatements="0" conditionals="4" coveredconditionals="0" methods="5" coveredmethods="0"/>
        <line num="8" count="0" type="stmt"/>
        <line num="9" count="0" type="stmt"/>
        <line num="24" count="0" type="stmt"/>
        <line num="30" count="0" type="stmt"/>
        <line num="53" count="0" type="stmt"/>
        <line num="59" count="0" type="stmt"/>
      </file>
      <file name="GetStarted.jsx" path="C:\Users\barto\source\repos\frontend\event-finder-web-client\src\components\GetStarted.jsx">
        <metrics statements="2" coveredstatements="2" conditionals="0" coveredconditionals="0" methods="1" coveredmethods="1"/>
        <line num="5" count="1" type="stmt"/>
        <line num="7" count="1" type="stmt"/>
      </file>
      <file name="Navbar.jsx" path="C:\Users\barto\source\repos\frontend\event-finder-web-client\src\components\Navbar.jsx">
        <metrics statements="6" coveredstatements="0" conditionals="12" coveredconditionals="0" methods="4" coveredmethods="0"/>
        <line num="11" count="0" type="stmt"/>
        <line num="13" count="0" type="stmt"/>
        <line num="15" count="0" type="stmt"/>
        <line num="31" count="0" type="stmt"/>
        <line num="47" count="0" type="stmt"/>
        <line num="56" count="0" type="stmt"/>
      </file>
      <file name="OrganizPanel.jsx" path="C:\Users\barto\source\repos\frontend\event-finder-web-client\src\components\OrganizPanel.jsx">
        <metrics statements="2" coveredstatements="2" conditionals="0" coveredconditionals="0" methods="1" coveredmethods="1"/>
        <line num="4" count="1" type="stmt"/>
        <line num="5" count="1" type="stmt"/>
      </file>
      <file name="Slider.jsx" path="C:\Users\barto\source\repos\frontend\event-finder-web-client\src\components\Slider.jsx">
        <metrics statements="3" coveredstatements="0" conditionals="0" coveredconditionals="0" methods="2" coveredmethods="0"/>
        <line num="14" count="0" type="stmt"/>
        <line num="16" count="0" type="stmt"/>
        <line num="45" count="0" type="stmt"/>
      </file>
      <file name="Statistics.jsx" path="C:\Users\barto\source\repos\frontend\event-finder-web-client\src\components\Statistics.jsx">
        <metrics statements="3" coveredstatements="3" conditionals="0" coveredconditionals="0" methods="2" coveredmethods="2"/>
        <line num="7" count="1" type="stmt"/>
        <line num="8" count="1" type="stmt"/>
        <line num="10" count="3" type="stmt"/>
      </file>
    </package>
    <package name="src.constants">
      <metrics statements="11" coveredstatements="11" conditionals="0" coveredconditionals="0" methods="0" coveredmethods="0"/>
      <file name="index.js" path="C:\Users\barto\source\repos\frontend\event-finder-web-client\src\constants\index.js">
        <metrics statements="11" coveredstatements="11" conditionals="0" coveredconditionals="0" methods="0" coveredmethods="0"/>
        <line num="11" count="3" type="stmt"/>
        <line num="13" count="3" type="stmt"/>
        <line num="34" count="3" type="stmt"/>
        <line num="72" count="3" type="stmt"/>
        <line num="83" count="3" type="stmt"/>
        <line num="113" count="3" type="stmt"/>
        <line num="154" count="3" type="stmt"/>
        <line num="177" count="3" type="stmt"/>
        <line num="178" count="3" type="stmt"/>
        <line num="179" count="3" type="stmt"/>
        <line num="180" count="3" type="stmt"/>
      </file>
    </package>
    <package name="src.pages">
      <metrics statements="4" coveredstatements="0" conditionals="0" coveredconditionals="0" methods="2" coveredmethods="0"/>
      <file name="LogIn.jsx" path="C:\Users\barto\source\repos\frontend\event-finder-web-client\src\pages\LogIn.jsx">
        <metrics statements="2" coveredstatements="0" conditionals="0" coveredconditionals="0" methods="1" coveredmethods="0"/>
        <line num="6" count="0" type="stmt"/>
        <line num="8" count="0" type="stmt"/>
      </file>
      <file name="MyEvents.jsx" path="C:\Users\barto\source\repos\frontend\event-finder-web-client\src\pages\MyEvents.jsx">
        <metrics statements="2" coveredstatements="0" conditionals="0" coveredconditionals="0" methods="1" coveredmethods="0"/>
        <line num="10" count="0" type="stmt"/>
        <line num="12" count="0" type="stmt"/>
      </file>
    </package>
  </project>
</coverage>
