{"C:\\Users\\barto\\source\\repos\\frontend\\event-finder-web-client\\src\\App.jsx": {"path":"C:\\Users\\barto\\source\\repos\\frontend\\event-finder-web-client\\src\\App.jsx","statementMap":{"0":{"start":{"line":10,"column":12},"end":{"line":45,"column":1}},"1":{"start":{"line":12,"column":2},"end":{"line":44,"column":8}}},"fnMap":{"0":{"name":"(anonymous_0)","decl":{"start":{"line":10,"column":12},"end":{"line":10,"column":13}},"loc":{"start":{"line":12,"column":2},"end":{"line":44,"column":8}},"line":12}},"branchMap":{},"s":{"0":0,"1":0},"f":{"0":0},"b":{}}
,"C:\\Users\\barto\\source\\repos\\frontend\\event-finder-web-client\\src\\main.jsx": {"path":"C:\\Users\\barto\\source\\repos\\frontend\\event-finder-web-client\\src\\main.jsx","statementMap":{"0":{"start":{"line":10,"column":22},"end":{"line":23,"column":2}},"1":{"start":{"line":25,"column":0},"end":{"line":29,"column":1}}},"fnMap":{},"branchMap":{},"s":{"0":0,"1":0},"f":{},"b":{}}
,"C:\\Users\\barto\\source\\repos\\frontend\\event-finder-web-client\\src\\style.js": {"path":"C:\\Users\\barto\\source\\repos\\frontend\\event-finder-web-client\\src\\style.js","statementMap":{"0":{"start":{"line":1,"column":15},"end":{"line":16,"column":3}},"1":{"start":{"line":18,"column":24},"end":{"line":26,"column":3}}},"fnMap":{},"branchMap":{},"s":{"0":5,"1":5},"f":{},"b":{},"_coverageSchema":"1a1c01bbd47fc00a2c39e90264f33305004495a9","hash":"97e8764969f36bc01c504e5480ca13289b872e20"}
,"C:\\Users\\barto\\source\\repos\\frontend\\event-finder-web-client\\src\\assets\\index.js": {"path":"C:\\Users\\barto\\source\\repos\\frontend\\event-finder-web-client\\src\\assets\\index.js","statementMap":{},"fnMap":{},"branchMap":{},"s":{},"f":{},"b":{},"_coverageSchema":"1a1c01bbd47fc00a2c39e90264f33305004495a9","hash":"89b1ef9bf8db1d11b7801868491f7ed6aedef86d"}
,"C:\\Users\\barto\\source\\repos\\frontend\\event-finder-web-client\\src\\components\\CreateEvent.jsx": {"path":"C:\\Users\\barto\\source\\repos\\frontend\\event-finder-web-client\\src\\components\\CreateEvent.jsx","statementMap":{"0":{"start":{"line":9,"column":20},"end":{"line":91,"column":1}},"1":{"start":{"line":11,"column":32},"end":{"line":11,"column":47}},"2":{"start":{"line":13,"column":4},"end":{"line":90,"column":6}},"3":{"start":{"line":16,"column":32},"end":{"line":16,"column":62}},"4":{"start":{"line":16,"column":44},"end":{"line":16,"column":62}},"5":{"start":{"line":19,"column":40},"end":{"line":19,"column":58}},"6":{"start":{"line":25,"column":35},"end":{"line":25,"column":53}}},"fnMap":{"0":{"name":"(anonymous_0)","decl":{"start":{"line":9,"column":20},"end":{"line":9,"column":21}},"loc":{"start":{"line":9,"column":26},"end":{"line":91,"column":1}},"line":9},"1":{"name":"(anonymous_1)","decl":{"start":{"line":16,"column":25},"end":{"line":16,"column":26}},"loc":{"start":{"line":16,"column":31},"end":{"line":16,"column":63}},"line":16},"2":{"name":"(anonymous_2)","decl":{"start":{"line":19,"column":34},"end":{"line":19,"column":35}},"loc":{"start":{"line":19,"column":40},"end":{"line":19,"column":58}},"line":19},"3":{"name":"(anonymous_3)","decl":{"start":{"line":25,"column":29},"end":{"line":25,"column":30}},"loc":{"start":{"line":25,"column":35},"end":{"line":25,"column":53}},"line":25}},"branchMap":{"0":{"loc":{"start":{"line":15,"column":85},"end":{"line":15,"column":129}},"type":"cond-expr","locations":[{"start":{"line":15,"column":95},"end":{"line":15,"column":124}},{"start":{"line":15,"column":127},"end":{"line":15,"column":129}}],"line":15},"1":{"loc":{"start":{"line":16,"column":32},"end":{"line":16,"column":62}},"type":"if","locations":[{"start":{"line":16,"column":32},"end":{"line":16,"column":62}},{"start":{},"end":{}}],"line":16},"2":{"loc":{"start":{"line":18,"column":35},"end":{"line":18,"column":61}},"type":"cond-expr","locations":[{"start":{"line":18,"column":44},"end":{"line":18,"column":50}},{"start":{"line":18,"column":53},"end":{"line":18,"column":61}}],"line":18},"3":{"loc":{"start":{"line":24,"column":35},"end":{"line":24,"column":73}},"type":"cond-expr","locations":[{"start":{"line":24,"column":45},"end":{"line":24,"column":51}},{"start":{"line":24,"column":54},"end":{"line":24,"column":73}}],"line":24},"4":{"loc":{"start":{"line":27,"column":40},"end":{"line":27,"column":67}},"type":"cond-expr","locations":[{"start":{"line":27,"column":50},"end":{"line":27,"column":56}},{"start":{"line":27,"column":59},"end":{"line":27,"column":67}}],"line":27},"5":{"loc":{"start":{"line":32,"column":35},"end":{"line":32,"column":61}},"type":"cond-expr","locations":[{"start":{"line":32,"column":44},"end":{"line":32,"column":50}},{"start":{"line":32,"column":53},"end":{"line":32,"column":61}}],"line":32},"6":{"loc":{"start":{"line":39,"column":35},"end":{"line":39,"column":61}},"type":"cond-expr","locations":[{"start":{"line":39,"column":44},"end":{"line":39,"column":50}},{"start":{"line":39,"column":53},"end":{"line":39,"column":61}}],"line":39},"7":{"loc":{"start":{"line":47,"column":35},"end":{"line":47,"column":61}},"type":"cond-expr","locations":[{"start":{"line":47,"column":44},"end":{"line":47,"column":50}},{"start":{"line":47,"column":53},"end":{"line":47,"column":61}}],"line":47},"8":{"loc":{"start":{"line":54,"column":35},"end":{"line":54,"column":61}},"type":"cond-expr","locations":[{"start":{"line":54,"column":44},"end":{"line":54,"column":50}},{"start":{"line":54,"column":53},"end":{"line":54,"column":61}}],"line":54},"9":{"loc":{"start":{"line":61,"column":35},"end":{"line":61,"column":61}},"type":"cond-expr","locations":[{"start":{"line":61,"column":44},"end":{"line":61,"column":50}},{"start":{"line":61,"column":53},"end":{"line":61,"column":61}}],"line":61},"10":{"loc":{"start":{"line":68,"column":35},"end":{"line":68,"column":61}},"type":"cond-expr","locations":[{"start":{"line":68,"column":44},"end":{"line":68,"column":50}},{"start":{"line":68,"column":53},"end":{"line":68,"column":61}}],"line":68},"11":{"loc":{"start":{"line":75,"column":35},"end":{"line":75,"column":61}},"type":"cond-expr","locations":[{"start":{"line":75,"column":44},"end":{"line":75,"column":50}},{"start":{"line":75,"column":53},"end":{"line":75,"column":61}}],"line":75},"12":{"loc":{"start":{"line":82,"column":35},"end":{"line":82,"column":58}},"type":"cond-expr","locations":[{"start":{"line":82,"column":44},"end":{"line":82,"column":47}},{"start":{"line":82,"column":50},"end":{"line":82,"column":58}}],"line":82}},"s":{"0":1,"1":1,"2":1,"3":0,"4":0,"5":0,"6":0},"f":{"0":1,"1":0,"2":0,"3":0},"b":{"0":[1,0],"1":[0,0],"2":[0,1],"3":[1,0],"4":[1,0],"5":[0,1],"6":[0,1],"7":[0,1],"8":[0,1],"9":[0,1],"10":[0,1],"11":[0,1],"12":[0,1]},"_coverageSchema":"1a1c01bbd47fc00a2c39e90264f33305004495a9","hash":"8855277209e1d89bb9b6ccc7e623148191dea775"}
,"C:\\Users\\barto\\source\\repos\\frontend\\event-finder-web-client\\src\\components\\DeleteAccount.jsx": {"path":"C:\\Users\\barto\\source\\repos\\frontend\\event-finder-web-client\\src\\components\\DeleteAccount.jsx","statementMap":{"0":{"start":{"line":8,"column":22},"end":{"line":29,"column":1}},"1":{"start":{"line":10,"column":30},"end":{"line":10,"column":45}},"2":{"start":{"line":12,"column":2},"end":{"line":28,"column":4}},"3":{"start":{"line":16,"column":28},"end":{"line":16,"column":58}},"4":{"start":{"line":16,"column":40},"end":{"line":16,"column":58}},"5":{"start":{"line":23,"column":31},"end":{"line":23,"column":49}},"6":{"start":{"line":25,"column":31},"end":{"line":25,"column":49}}},"fnMap":{"0":{"name":"(anonymous_0)","decl":{"start":{"line":8,"column":22},"end":{"line":8,"column":23}},"loc":{"start":{"line":8,"column":28},"end":{"line":29,"column":1}},"line":8},"1":{"name":"(anonymous_1)","decl":{"start":{"line":16,"column":21},"end":{"line":16,"column":22}},"loc":{"start":{"line":16,"column":27},"end":{"line":16,"column":59}},"line":16},"2":{"name":"(anonymous_2)","decl":{"start":{"line":23,"column":25},"end":{"line":23,"column":26}},"loc":{"start":{"line":23,"column":31},"end":{"line":23,"column":49}},"line":23},"3":{"name":"(anonymous_3)","decl":{"start":{"line":25,"column":25},"end":{"line":25,"column":26}},"loc":{"start":{"line":25,"column":31},"end":{"line":25,"column":49}},"line":25}},"branchMap":{"0":{"loc":{"start":{"line":14,"column":11},"end":{"line":18,"column":23}},"type":"cond-expr","locations":[{"start":{"line":15,"column":10},"end":{"line":18,"column":16}},{"start":{"line":18,"column":19},"end":{"line":18,"column":23}}],"line":14},"1":{"loc":{"start":{"line":16,"column":28},"end":{"line":16,"column":58}},"type":"if","locations":[{"start":{"line":16,"column":28},"end":{"line":16,"column":58}},{"start":{},"end":{}}],"line":16},"2":{"loc":{"start":{"line":19,"column":11},"end":{"line":26,"column":23}},"type":"cond-expr","locations":[{"start":{"line":20,"column":10},"end":{"line":26,"column":16}},{"start":{"line":26,"column":19},"end":{"line":26,"column":23}}],"line":19}},"s":{"0":1,"1":1,"2":1,"3":0,"4":0,"5":0,"6":0},"f":{"0":1,"1":0,"2":0,"3":0},"b":{"0":[1,0],"1":[0,0],"2":[0,1]},"_coverageSchema":"1a1c01bbd47fc00a2c39e90264f33305004495a9","hash":"153cc342346d8af35d756158d0e66fd40ddbf0bb"}
,"C:\\Users\\barto\\source\\repos\\frontend\\event-finder-web-client\\src\\components\\Events.jsx": {"path":"C:\\Users\\barto\\source\\repos\\frontend\\event-finder-web-client\\src\\components\\Events.jsx","statementMap":{"0":{"start":{"line":16,"column":2},"end":{"line":16,"column":15}},"1":{"start":{"line":17,"column":2},"end":{"line":17,"column":21}},"2":{"start":{"line":18,"column":2},"end":{"line":18,"column":29}},"3":{"start":{"line":19,"column":2},"end":{"line":19,"column":25}},"4":{"start":{"line":20,"column":2},"end":{"line":20,"column":19}},"5":{"start":{"line":21,"column":2},"end":{"line":21,"column":33}},"6":{"start":{"line":22,"column":2},"end":{"line":22,"column":23}},"7":{"start":{"line":23,"column":2},"end":{"line":23,"column":31}},"8":{"start":{"line":28,"column":2},"end":{"line":80,"column":3}},"9":{"start":{"line":31,"column":8},"end":{"line":32,"column":37}},"10":{"start":{"line":31,"column":37},"end":{"line":31,"column":57}},"11":{"start":{"line":32,"column":13},"end":{"line":32,"column":37}},"12":{"start":{"line":71,"column":14},"end":{"line":73,"column":20}},"13":{"start":{"line":83,"column":15},"end":{"line":126,"column":1}},"14":{"start":{"line":86,"column":17},"end":{"line":94,"column":3}},"15":{"start":{"line":97,"column":30},"end":{"line":97,"column":45}},"16":{"start":{"line":98,"column":40},"end":{"line":98,"column":54}},"17":{"start":{"line":100,"column":2},"end":{"line":125,"column":4}},"18":{"start":{"line":104,"column":24},"end":{"line":104,"column":54}},"19":{"start":{"line":104,"column":36},"end":{"line":104,"column":54}},"20":{"start":{"line":107,"column":30},"end":{"line":107,"column":48}},"21":{"start":{"line":120,"column":33},"end":{"line":120,"column":83}}},"fnMap":{"0":{"name":"Event","decl":{"start":{"line":15,"column":9},"end":{"line":15,"column":14}},"loc":{"start":{"line":15,"column":84},"end":{"line":24,"column":1}},"line":15},"1":{"name":"EventComponent","decl":{"start":{"line":26,"column":9},"end":{"line":26,"column":23}},"loc":{"start":{"line":26,"column":59},"end":{"line":81,"column":1}},"line":26},"2":{"name":"(anonymous_2)","decl":{"start":{"line":30,"column":26},"end":{"line":30,"column":27}},"loc":{"start":{"line":30,"column":32},"end":{"line":33,"column":9}},"line":30},"3":{"name":"(anonymous_3)","decl":{"start":{"line":70,"column":34},"end":{"line":70,"column":35}},"loc":{"start":{"line":71,"column":14},"end":{"line":73,"column":20}},"line":71},"4":{"name":"(anonymous_4)","decl":{"start":{"line":83,"column":15},"end":{"line":83,"column":16}},"loc":{"start":{"line":83,"column":21},"end":{"line":126,"column":1}},"line":83},"5":{"name":"(anonymous_5)","decl":{"start":{"line":104,"column":17},"end":{"line":104,"column":18}},"loc":{"start":{"line":104,"column":23},"end":{"line":104,"column":55}},"line":104},"6":{"name":"(anonymous_6)","decl":{"start":{"line":107,"column":24},"end":{"line":107,"column":25}},"loc":{"start":{"line":107,"column":30},"end":{"line":107,"column":48}},"line":107},"7":{"name":"(anonymous_7)","decl":{"start":{"line":120,"column":22},"end":{"line":120,"column":23}},"loc":{"start":{"line":120,"column":33},"end":{"line":120,"column":83}},"line":120}},"branchMap":{"0":{"loc":{"start":{"line":31,"column":8},"end":{"line":32,"column":37}},"type":"if","locations":[{"start":{"line":31,"column":8},"end":{"line":32,"column":37}},{"start":{"line":32,"column":13},"end":{"line":32,"column":37}}],"line":31},"1":{"loc":{"start":{"line":42,"column":25},"end":{"line":42,"column":67}},"type":"cond-expr","locations":[{"start":{"line":42,"column":52},"end":{"line":42,"column":56}},{"start":{"line":42,"column":59},"end":{"line":42,"column":67}}],"line":42},"2":{"loc":{"start":{"line":54,"column":13},"end":{"line":54,"column":137}},"type":"cond-expr","locations":[{"start":{"line":54,"column":44},"end":{"line":54,"column":130}},{"start":{"line":54,"column":133},"end":{"line":54,"column":137}}],"line":54},"3":{"loc":{"start":{"line":55,"column":13},"end":{"line":55,"column":135}},"type":"cond-expr","locations":[{"start":{"line":55,"column":42},"end":{"line":55,"column":128}},{"start":{"line":55,"column":131},"end":{"line":55,"column":135}}],"line":55},"4":{"loc":{"start":{"line":56,"column":13},"end":{"line":56,"column":136}},"type":"cond-expr","locations":[{"start":{"line":56,"column":43},"end":{"line":56,"column":129}},{"start":{"line":56,"column":132},"end":{"line":56,"column":136}}],"line":56},"5":{"loc":{"start":{"line":57,"column":13},"end":{"line":57,"column":129}},"type":"cond-expr","locations":[{"start":{"line":57,"column":39},"end":{"line":57,"column":122}},{"start":{"line":57,"column":125},"end":{"line":57,"column":129}}],"line":57},"6":{"loc":{"start":{"line":103,"column":10},"end":{"line":103,"column":54}},"type":"cond-expr","locations":[{"start":{"line":103,"column":20},"end":{"line":103,"column":49}},{"start":{"line":103,"column":52},"end":{"line":103,"column":54}}],"line":103},"7":{"loc":{"start":{"line":104,"column":24},"end":{"line":104,"column":54}},"type":"if","locations":[{"start":{"line":104,"column":24},"end":{"line":104,"column":54}},{"start":{},"end":{}}],"line":104},"8":{"loc":{"start":{"line":106,"column":27},"end":{"line":106,"column":53}},"type":"cond-expr","locations":[{"start":{"line":106,"column":36},"end":{"line":106,"column":42}},{"start":{"line":106,"column":45},"end":{"line":106,"column":53}}],"line":106},"9":{"loc":{"start":{"line":112,"column":27},"end":{"line":112,"column":65}},"type":"cond-expr","locations":[{"start":{"line":112,"column":37},"end":{"line":112,"column":43}},{"start":{"line":112,"column":46},"end":{"line":112,"column":65}}],"line":112},"10":{"loc":{"start":{"line":114,"column":30},"end":{"line":114,"column":57}},"type":"cond-expr","locations":[{"start":{"line":114,"column":40},"end":{"line":114,"column":46}},{"start":{"line":114,"column":49},"end":{"line":114,"column":57}}],"line":114},"11":{"loc":{"start":{"line":119,"column":27},"end":{"line":119,"column":50}},"type":"cond-expr","locations":[{"start":{"line":119,"column":37},"end":{"line":119,"column":45}},{"start":{"line":119,"column":48},"end":{"line":119,"column":50}}],"line":119}},"s":{"0":7,"1":7,"2":7,"3":7,"4":7,"5":7,"6":7,"7":7,"8":7,"9":0,"10":0,"11":0,"12":13,"13":1,"14":1,"15":1,"16":1,"17":1,"18":0,"19":0,"20":0,"21":7},"f":{"0":7,"1":7,"2":0,"3":13,"4":1,"5":0,"6":0,"7":7},"b":{"0":[0,0],"1":[0,7],"2":[1,6],"3":[2,5],"4":[1,6],"5":[3,4],"6":[1,0],"7":[0,0],"8":[0,1],"9":[1,0],"10":[1,0],"11":[1,0]},"_coverageSchema":"1a1c01bbd47fc00a2c39e90264f33305004495a9","hash":"35dd7d55447098fb62ec03b43ad3b8bc92c1ee2d"}
,"C:\\Users\\barto\\source\\repos\\frontend\\event-finder-web-client\\src\\components\\Footer.jsx": {"path":"C:\\Users\\barto\\source\\repos\\frontend\\event-finder-web-client\\src\\components\\Footer.jsx","statementMap":{"0":{"start":{"line":8,"column":15},"end":{"line":65,"column":1}},"1":{"start":{"line":9,"column":4},"end":{"line":64,"column":14}},"2":{"start":{"line":24,"column":20},"end":{"line":41,"column":26}},"3":{"start":{"line":30,"column":32},"end":{"line":38,"column":37}},"4":{"start":{"line":53,"column":20},"end":{"line":60,"column":22}},"5":{"start":{"line":59,"column":39},"end":{"line":59,"column":63}}},"fnMap":{"0":{"name":"(anonymous_0)","decl":{"start":{"line":8,"column":15},"end":{"line":8,"column":16}},"loc":{"start":{"line":9,"column":4},"end":{"line":64,"column":14}},"line":9},"1":{"name":"(anonymous_1)","decl":{"start":{"line":23,"column":33},"end":{"line":23,"column":34}},"loc":{"start":{"line":24,"column":20},"end":{"line":41,"column":26}},"line":24},"2":{"name":"(anonymous_2)","decl":{"start":{"line":29,"column":50},"end":{"line":29,"column":51}},"loc":{"start":{"line":30,"column":32},"end":{"line":38,"column":37}},"line":30},"3":{"name":"(anonymous_3)","decl":{"start":{"line":52,"column":33},"end":{"line":52,"column":34}},"loc":{"start":{"line":53,"column":20},"end":{"line":60,"column":22}},"line":53},"4":{"name":"(anonymous_4)","decl":{"start":{"line":59,"column":33},"end":{"line":59,"column":34}},"loc":{"start":{"line":59,"column":39},"end":{"line":59,"column":63}},"line":59}},"branchMap":{"0":{"loc":{"start":{"line":34,"column":50},"end":{"line":34,"column":105}},"type":"cond-expr","locations":[{"start":{"line":34,"column":90},"end":{"line":34,"column":96}},{"start":{"line":34,"column":99},"end":{"line":34,"column":105}}],"line":34},"1":{"loc":{"start":{"line":57,"column":86},"end":{"line":57,"column":136}},"type":"cond-expr","locations":[{"start":{"line":57,"column":121},"end":{"line":57,"column":127}},{"start":{"line":57,"column":130},"end":{"line":57,"column":136}}],"line":57}},"s":{"0":0,"1":0,"2":0,"3":0,"4":0,"5":0},"f":{"0":0,"1":0,"2":0,"3":0,"4":0},"b":{"0":[0,0],"1":[0,0]}}
,"C:\\Users\\barto\\source\\repos\\frontend\\event-finder-web-client\\src\\components\\GetStarted.jsx": {"path":"C:\\Users\\barto\\source\\repos\\frontend\\event-finder-web-client\\src\\components\\GetStarted.jsx","statementMap":{"0":{"start":{"line":5,"column":19},"end":{"line":27,"column":1}},"1":{"start":{"line":7,"column":4},"end":{"line":26,"column":5}}},"fnMap":{"0":{"name":"(anonymous_0)","decl":{"start":{"line":5,"column":19},"end":{"line":5,"column":20}},"loc":{"start":{"line":5,"column":24},"end":{"line":27,"column":1}},"line":5}},"branchMap":{},"s":{"0":1,"1":1},"f":{"0":1},"b":{},"_coverageSchema":"1a1c01bbd47fc00a2c39e90264f33305004495a9","hash":"2ad2e328444963ada5e14a4f4d0b5deb55b81d83"}
,"C:\\Users\\barto\\source\\repos\\frontend\\event-finder-web-client\\src\\components\\Navbar.jsx": {"path":"C:\\Users\\barto\\source\\repos\\frontend\\event-finder-web-client\\src\\components\\Navbar.jsx","statementMap":{"0":{"start":{"line":11,"column":15},"end":{"line":70,"column":1}},"1":{"start":{"line":13,"column":32},"end":{"line":13,"column":47}},"2":{"start":{"line":15,"column":4},"end":{"line":69,"column":6}},"3":{"start":{"line":31,"column":20},"end":{"line":38,"column":25}},"4":{"start":{"line":47,"column":35},"end":{"line":47,"column":53}},"5":{"start":{"line":56,"column":28},"end":{"line":63,"column":33}}},"fnMap":{"0":{"name":"(anonymous_0)","decl":{"start":{"line":11,"column":15},"end":{"line":11,"column":16}},"loc":{"start":{"line":11,"column":21},"end":{"line":70,"column":1}},"line":11},"1":{"name":"(anonymous_1)","decl":{"start":{"line":30,"column":30},"end":{"line":30,"column":31}},"loc":{"start":{"line":31,"column":20},"end":{"line":38,"column":25}},"line":31},"2":{"name":"(anonymous_2)","decl":{"start":{"line":47,"column":29},"end":{"line":47,"column":30}},"loc":{"start":{"line":47,"column":35},"end":{"line":47,"column":53}},"line":47},"3":{"name":"(anonymous_3)","decl":{"start":{"line":55,"column":38},"end":{"line":55,"column":39}},"loc":{"start":{"line":56,"column":28},"end":{"line":63,"column":33}},"line":56}},"branchMap":{"0":{"loc":{"start":{"line":34,"column":30},"end":{"line":34,"column":100}},"type":"cond-expr","locations":[{"start":{"line":34,"column":70},"end":{"line":34,"column":82}},{"start":{"line":34,"column":85},"end":{"line":34,"column":100}}],"line":34},"1":{"loc":{"start":{"line":35,"column":30},"end":{"line":35,"column":78}},"type":"cond-expr","locations":[{"start":{"line":35,"column":62},"end":{"line":35,"column":68}},{"start":{"line":35,"column":71},"end":{"line":35,"column":78}}],"line":35},"2":{"loc":{"start":{"line":44,"column":25},"end":{"line":44,"column":46}},"type":"cond-expr","locations":[{"start":{"line":44,"column":34},"end":{"line":44,"column":39}},{"start":{"line":44,"column":42},"end":{"line":44,"column":46}}],"line":44},"3":{"loc":{"start":{"line":51,"column":34},"end":{"line":51,"column":61}},"type":"cond-expr","locations":[{"start":{"line":51,"column":44},"end":{"line":51,"column":52}},{"start":{"line":51,"column":55},"end":{"line":51,"column":61}}],"line":51},"4":{"loc":{"start":{"line":59,"column":34},"end":{"line":59,"column":104}},"type":"cond-expr","locations":[{"start":{"line":59,"column":74},"end":{"line":59,"column":86}},{"start":{"line":59,"column":89},"end":{"line":59,"column":104}}],"line":59},"5":{"loc":{"start":{"line":60,"column":34},"end":{"line":60,"column":81}},"type":"cond-expr","locations":[{"start":{"line":60,"column":66},"end":{"line":60,"column":72}},{"start":{"line":60,"column":75},"end":{"line":60,"column":81}}],"line":60}},"s":{"0":0,"1":0,"2":0,"3":0,"4":0,"5":0},"f":{"0":0,"1":0,"2":0,"3":0},"b":{"0":[0,0],"1":[0,0],"2":[0,0],"3":[0,0],"4":[0,0],"5":[0,0]}}
,"C:\\Users\\barto\\source\\repos\\frontend\\event-finder-web-client\\src\\components\\OrganizPanel.jsx": {"path":"C:\\Users\\barto\\source\\repos\\frontend\\event-finder-web-client\\src\\components\\OrganizPanel.jsx","statementMap":{"0":{"start":{"line":4,"column":21},"end":{"line":10,"column":1}},"1":{"start":{"line":5,"column":2},"end":{"line":9,"column":12}}},"fnMap":{"0":{"name":"(anonymous_0)","decl":{"start":{"line":4,"column":21},"end":{"line":4,"column":22}},"loc":{"start":{"line":5,"column":2},"end":{"line":9,"column":12}},"line":5}},"branchMap":{},"s":{"0":1,"1":1},"f":{"0":1},"b":{},"_coverageSchema":"1a1c01bbd47fc00a2c39e90264f33305004495a9","hash":"ac0ab8acf60c1845b8540f463bc4b6bc1e13e10c"}
,"C:\\Users\\barto\\source\\repos\\frontend\\event-finder-web-client\\src\\components\\Slider.jsx": {"path":"C:\\Users\\barto\\source\\repos\\frontend\\event-finder-web-client\\src\\components\\Slider.jsx","statementMap":{"0":{"start":{"line":14,"column":15},"end":{"line":59,"column":3}},"1":{"start":{"line":16,"column":4},"end":{"line":58,"column":6}},"2":{"start":{"line":45,"column":10},"end":{"line":54,"column":18}}},"fnMap":{"0":{"name":"(anonymous_0)","decl":{"start":{"line":14,"column":15},"end":{"line":14,"column":16}},"loc":{"start":{"line":14,"column":21},"end":{"line":59,"column":3}},"line":14},"1":{"name":"(anonymous_1)","decl":{"start":{"line":44,"column":20},"end":{"line":44,"column":21}},"loc":{"start":{"line":45,"column":10},"end":{"line":54,"column":18}},"line":45}},"branchMap":{},"s":{"0":0,"1":0,"2":0},"f":{"0":0,"1":0},"b":{}}
,"C:\\Users\\barto\\source\\repos\\frontend\\event-finder-web-client\\src\\components\\Statistics.jsx": {"path":"C:\\Users\\barto\\source\\repos\\frontend\\event-finder-web-client\\src\\components\\Statistics.jsx","statementMap":{"0":{"start":{"line":7,"column":19},"end":{"line":20,"column":1}},"1":{"start":{"line":8,"column":2},"end":{"line":19,"column":12}},"2":{"start":{"line":10,"column":6},"end":{"line":17,"column":12}}},"fnMap":{"0":{"name":"(anonymous_0)","decl":{"start":{"line":7,"column":19},"end":{"line":7,"column":20}},"loc":{"start":{"line":8,"column":2},"end":{"line":19,"column":12}},"line":8},"1":{"name":"(anonymous_1)","decl":{"start":{"line":9,"column":20},"end":{"line":9,"column":21}},"loc":{"start":{"line":10,"column":6},"end":{"line":17,"column":12}},"line":10}},"branchMap":{},"s":{"0":1,"1":1,"2":3},"f":{"0":1,"1":3},"b":{},"_coverageSchema":"1a1c01bbd47fc00a2c39e90264f33305004495a9","hash":"9ff58a2ef537b3d517440ef33cafe60afdaddbed"}
,"C:\\Users\\barto\\source\\repos\\frontend\\event-finder-web-client\\src\\constants\\index.js": {"path":"C:\\Users\\barto\\source\\repos\\frontend\\event-finder-web-client\\src\\constants\\index.js","statementMap":{"0":{"start":{"line":11,"column":23},"end":{"line":11,"column":34}},"1":{"start":{"line":13,"column":24},"end":{"line":32,"column":1}},"2":{"start":{"line":34,"column":22},"end":{"line":70,"column":1}},"3":{"start":{"line":72,"column":37},"end":{"line":81,"column":1}},"4":{"start":{"line":83,"column":26},"end":{"line":111,"column":1}},"5":{"start":{"line":113,"column":27},"end":{"line":152,"column":1}},"6":{"start":{"line":154,"column":27},"end":{"line":175,"column":1}},"7":{"start":{"line":177,"column":28},"end":{"line":177,"column":37}},"8":{"start":{"line":178,"column":27},"end":{"line":178,"column":35}},"9":{"start":{"line":179,"column":24},"end":{"line":179,"column":37}},"10":{"start":{"line":180,"column":29},"end":{"line":180,"column":45}}},"fnMap":{},"branchMap":{},"s":{"0":3,"1":3,"2":3,"3":3,"4":3,"5":3,"6":3,"7":3,"8":3,"9":3,"10":3},"f":{},"b":{},"_coverageSchema":"1a1c01bbd47fc00a2c39e90264f33305004495a9","hash":"05cb24e4ef7a2fa62c1ac46ad6ddf9b7390a2e61"}
,"C:\\Users\\barto\\source\\repos\\frontend\\event-finder-web-client\\src\\pages\\LogIn.jsx": {"path":"C:\\Users\\barto\\source\\repos\\frontend\\event-finder-web-client\\src\\pages\\LogIn.jsx","statementMap":{"0":{"start":{"line":6,"column":14},"end":{"line":23,"column":1}},"1":{"start":{"line":8,"column":2},"end":{"line":21,"column":8}}},"fnMap":{"0":{"name":"(anonymous_0)","decl":{"start":{"line":6,"column":14},"end":{"line":6,"column":15}},"loc":{"start":{"line":8,"column":2},"end":{"line":21,"column":8}},"line":8}},"branchMap":{},"s":{"0":0,"1":0},"f":{"0":0},"b":{}}
,"C:\\Users\\barto\\source\\repos\\frontend\\event-finder-web-client\\src\\pages\\MyEvents.jsx": {"path":"C:\\Users\\barto\\source\\repos\\frontend\\event-finder-web-client\\src\\pages\\MyEvents.jsx","statementMap":{"0":{"start":{"line":10,"column":17},"end":{"line":37,"column":1}},"1":{"start":{"line":12,"column":2},"end":{"line":35,"column":8}}},"fnMap":{"0":{"name":"(anonymous_0)","decl":{"start":{"line":10,"column":17},"end":{"line":10,"column":18}},"loc":{"start":{"line":12,"column":2},"end":{"line":35,"column":8}},"line":12}},"branchMap":{},"s":{"0":0,"1":0},"f":{"0":0},"b":{}}
}
