TN:
SF:src\App.jsx
FN:10,(anonymous_0)
FNF:1
FNH:0
FNDA:0,(anonymous_0)
DA:10,0
DA:12,0
LF:2
LH:0
BRF:0
BRH:0
end_of_record
TN:
SF:src\main.jsx
FNF:0
FNH:0
DA:10,0
DA:25,0
LF:2
LH:0
BRF:0
BRH:0
end_of_record
TN:
SF:src\style.js
FNF:0
FNH:0
DA:1,5
DA:18,5
LF:2
LH:2
BRF:0
BRH:0
end_of_record
TN:
SF:src\assets\index.js
FNF:0
FNH:0
LF:0
LH:0
BRF:0
BRH:0
end_of_record
TN:
SF:src\components\CreateEvent.jsx
FN:9,(anonymous_0)
FN:16,(anonymous_1)
FN:19,(anonymous_2)
FN:25,(anonymous_3)
FNF:4
FNH:1
FNDA:1,(anonymous_0)
FNDA:0,(anonymous_1)
FNDA:0,(anonymous_2)
FNDA:0,(anonymous_3)
DA:9,1
DA:11,1
DA:13,1
DA:16,0
DA:19,0
DA:25,0
LF:6
LH:3
BRDA:15,0,0,1
BRDA:15,0,1,0
BRDA:16,1,0,0
BRDA:16,1,1,0
BRDA:18,2,0,0
BRDA:18,2,1,1
BRDA:24,3,0,1
BRDA:24,3,1,0
BRDA:27,4,0,1
BRDA:27,4,1,0
BRDA:32,5,0,0
BRDA:32,5,1,1
BRDA:39,6,0,0
BRDA:39,6,1,1
BRDA:47,7,0,0
BRDA:47,7,1,1
BRDA:54,8,0,0
BRDA:54,8,1,1
BRDA:61,9,0,0
BRDA:61,9,1,1
BRDA:68,10,0,0
BRDA:68,10,1,1
BRDA:75,11,0,0
BRDA:75,11,1,1
BRDA:82,12,0,0
BRDA:82,12,1,1
BRF:26
BRH:12
end_of_record
TN:
SF:src\components\DeleteAccount.jsx
FN:8,(anonymous_0)
FN:16,(anonymous_1)
FN:23,(anonymous_2)
FN:25,(anonymous_3)
FNF:4
FNH:1
FNDA:1,(anonymous_0)
FNDA:0,(anonymous_1)
FNDA:0,(anonymous_2)
FNDA:0,(anonymous_3)
DA:8,1
DA:10,1
DA:12,1
DA:16,0
DA:23,0
DA:25,0
LF:6
LH:3
BRDA:14,0,0,1
BRDA:14,0,1,0
BRDA:16,1,0,0
BRDA:16,1,1,0
BRDA:19,2,0,0
BRDA:19,2,1,1
BRF:6
BRH:2
end_of_record
TN:
SF:src\components\Events.jsx
FN:15,Event
FN:26,EventComponent
FN:30,(anonymous_2)
FN:70,(anonymous_3)
FN:83,(anonymous_4)
FN:104,(anonymous_5)
FN:107,(anonymous_6)
FN:120,(anonymous_7)
FNF:8
FNH:5
FNDA:7,Event
FNDA:7,EventComponent
FNDA:0,(anonymous_2)
FNDA:13,(anonymous_3)
FNDA:1,(anonymous_4)
FNDA:0,(anonymous_5)
FNDA:0,(anonymous_6)
FNDA:7,(anonymous_7)
DA:16,7
DA:17,7
DA:18,7
DA:19,7
DA:20,7
DA:21,7
DA:22,7
DA:23,7
DA:28,7
DA:31,0
DA:32,0
DA:71,13
DA:83,1
DA:86,1
DA:97,1
DA:98,1
DA:100,1
DA:104,0
DA:107,0
DA:120,7
LF:20
LH:16
BRDA:31,0,0,0
BRDA:31,0,1,0
BRDA:42,1,0,0
BRDA:42,1,1,7
BRDA:54,2,0,1
BRDA:54,2,1,6
BRDA:55,3,0,2
BRDA:55,3,1,5
BRDA:56,4,0,1
BRDA:56,4,1,6
BRDA:57,5,0,3
BRDA:57,5,1,4
BRDA:103,6,0,1
BRDA:103,6,1,0
BRDA:104,7,0,0
BRDA:104,7,1,0
BRDA:106,8,0,0
BRDA:106,8,1,1
BRDA:112,9,0,1
BRDA:112,9,1,0
BRDA:114,10,0,1
BRDA:114,10,1,0
BRDA:119,11,0,1
BRDA:119,11,1,0
BRF:24
BRH:14
end_of_record
TN:
SF:src\components\Footer.jsx
FN:8,(anonymous_0)
FN:23,(anonymous_1)
FN:29,(anonymous_2)
FN:52,(anonymous_3)
FN:59,(anonymous_4)
FNF:5
FNH:0
FNDA:0,(anonymous_0)
FNDA:0,(anonymous_1)
FNDA:0,(anonymous_2)
FNDA:0,(anonymous_3)
FNDA:0,(anonymous_4)
DA:8,0
DA:9,0
DA:24,0
DA:30,0
DA:53,0
DA:59,0
LF:6
LH:0
BRDA:34,0,0,0
BRDA:34,0,1,0
BRDA:57,1,0,0
BRDA:57,1,1,0
BRF:4
BRH:0
end_of_record
TN:
SF:src\components\GetStarted.jsx
FN:5,(anonymous_0)
FNF:1
FNH:1
FNDA:1,(anonymous_0)
DA:5,1
DA:7,1
LF:2
LH:2
BRF:0
BRH:0
end_of_record
TN:
SF:src\components\Navbar.jsx
FN:11,(anonymous_0)
FN:30,(anonymous_1)
FN:47,(anonymous_2)
FN:55,(anonymous_3)
FNF:4
FNH:0
FNDA:0,(anonymous_0)
FNDA:0,(anonymous_1)
FNDA:0,(anonymous_2)
FNDA:0,(anonymous_3)
DA:11,0
DA:13,0
DA:15,0
DA:31,0
DA:47,0
DA:56,0
LF:6
LH:0
BRDA:34,0,0,0
BRDA:34,0,1,0
BRDA:35,1,0,0
BRDA:35,1,1,0
BRDA:44,2,0,0
BRDA:44,2,1,0
BRDA:51,3,0,0
BRDA:51,3,1,0
BRDA:59,4,0,0
BRDA:59,4,1,0
BRDA:60,5,0,0
BRDA:60,5,1,0
BRF:12
BRH:0
end_of_record
TN:
SF:src\components\OrganizPanel.jsx
FN:4,(anonymous_0)
FNF:1
FNH:1
FNDA:1,(anonymous_0)
DA:4,1
DA:5,1
LF:2
LH:2
BRF:0
BRH:0
end_of_record
TN:
SF:src\components\Slider.jsx
FN:14,(anonymous_0)
FN:44,(anonymous_1)
FNF:2
FNH:0
FNDA:0,(anonymous_0)
FNDA:0,(anonymous_1)
DA:14,0
DA:16,0
DA:45,0
LF:3
LH:0
BRF:0
BRH:0
end_of_record
TN:
SF:src\components\Statistics.jsx
FN:7,(anonymous_0)
FN:9,(anonymous_1)
FNF:2
FNH:2
FNDA:1,(anonymous_0)
FNDA:3,(anonymous_1)
DA:7,1
DA:8,1
DA:10,3
LF:3
LH:3
BRF:0
BRH:0
end_of_record
TN:
SF:src\constants\index.js
FNF:0
FNH:0
DA:11,3
DA:13,3
DA:34,3
DA:72,3
DA:83,3
DA:113,3
DA:154,3
DA:177,3
DA:178,3
DA:179,3
DA:180,3
LF:11
LH:11
BRF:0
BRH:0
end_of_record
TN:
SF:src\pages\LogIn.jsx
FN:6,(anonymous_0)
FNF:1
FNH:0
FNDA:0,(anonymous_0)
DA:6,0
DA:8,0
LF:2
LH:0
BRF:0
BRH:0
end_of_record
TN:
SF:src\pages\MyEvents.jsx
FN:10,(anonymous_0)
FNF:1
FNH:0
FNDA:0,(anonymous_0)
DA:10,0
DA:12,0
LF:2
LH:0
BRF:0
BRH:0
end_of_record
